<?xml version="1.0" encoding="UTF-8"?>
<testng-results ignored="0" total="1" passed="1" failed="0" skipped="0">
  <reporter-output>
  </reporter-output>
  <suite started-at="2022-01-02T09:53:12 IST" name="Suite" finished-at="2022-01-02T09:53:21 IST" duration-ms="8677">
    <groups>
    </groups>
    <test started-at="2022-01-02T09:53:12 IST" name="Test" finished-at="2022-01-02T09:53:21 IST" duration-ms="8677">
      <class name="com.driver.LaunchChrome">
        <test-method signature="launchURL()[pri:0, instance:com.driver.LaunchChrome@7ea9e1e2]" started-at="2022-01-02T09:53:12 IST" name="launchURL" finished-at="2022-01-02T09:53:21 IST" duration-ms="8591" status="PASS">
          <reporter-output>
          </reporter-output>
        </test-method> <!-- launchURL -->
      </class> <!-- com.driver.LaunchChrome -->
    </test> <!-- Test -->
  </suite> <!-- Suite -->
</testng-results>
