-------------------------------------------------------------------------------
Test set: TestSuite
-------------------------------------------------------------------------------
Tests run: 1, Failures: 1, Errors: 0, Skipped: 0, Time elapsed: 13.623 s <<< FAILURE! - in TestSuite
com.test.Test_LoginPage_001.verifyGitPage[https://www.toolsqa.com/](1)  Time elapsed: 7.41 s  <<< FAILURE!
java.lang.AssertionError: expected [true] but found [false]
	at com.test.Test_LoginPage_001.verifyGitPage(Test_LoginPage_001.java:27)

