<?xml version="1.0" encoding="UTF-8"?>
<!-- Generated by org.testng.reporters.JUnitXMLReporter -->
<testsuite ignored="0" hostname="DESKTOP-OBFHR2V" failures="1" tests="1" name="Test" time="12.475" errors="0" timestamp="2022-03-25T18:24:25 IST">
  <testcase classname="com.test.Test_LoginPage_001" name="verifyGitPage" time="6.615">
    <failure type="java.lang.AssertionError" message="expected [true] but found [false]">
      <![CDATA[java.lang.AssertionError: expected [true] but found [false]
at com.test.Test_LoginPage_001.verifyGitPage(Test_LoginPage_001.java:27)
at java.base/java.util.ArrayList.forEach(ArrayList.java:1511)
... Removed 35 stack frames]]>
    </failure>
  </testcase> <!-- verifyGitPage -->
</testsuite> <!-- Test -->
